[debug] [2024-07-31T07:24:53.994Z] ----------------------------------------------------------------------
[debug] [2024-07-31T07:24:53.998Z] Command:       /nix/store/qds3rzxwqrkvhzjxgcb95d2qx4sd9b1l-nodejs-20.11.1/bin/node /home/user/.global_modules/bin/firebase deploy
[debug] [2024-07-31T07:24:53.998Z] CLI Version:   13.14.2
[debug] [2024-07-31T07:24:53.999Z] Platform:      linux
[debug] [2024-07-31T07:24:53.999Z] Node Version:  v20.11.1
[debug] [2024-07-31T07:24:53.999Z] Time:          Wed Jul 31 2024 07:24:53 GMT+0000 (Coordinated Universal Time)
[debug] [2024-07-31T07:24:54.000Z] ----------------------------------------------------------------------
[debug] 
[debug] [2024-07-31T07:24:54.110Z] > command requires scopes: ["email","openid","https://www.googleapis.com/auth/cloudplatformprojects.readonly","https://www.googleapis.com/auth/firebase","https://www.googleapis.com/auth/cloud-platform"]
[debug] [2024-07-31T07:24:54.110Z] > authorizing via signed-in user (davarizqi@gmail.com)
[debug] [2024-07-31T07:24:54.111Z] [iam] checking project dave-surprise for permissions ["firebase.projects.get","firebasehosting.sites.update"]
[debug] [2024-07-31T07:24:54.113Z] > refreshing access token with scopes: []
[debug] [2024-07-31T07:24:54.115Z] >>> [apiv2][query] POST https://www.googleapis.com/oauth2/v3/token [none]
[debug] [2024-07-31T07:24:54.115Z] >>> [apiv2][body] POST https://www.googleapis.com/oauth2/v3/token [omitted]
[debug] [2024-07-31T07:24:54.239Z] <<< [apiv2][status] POST https://www.googleapis.com/oauth2/v3/token 400
[debug] [2024-07-31T07:24:54.240Z] <<< [apiv2][body] POST https://www.googleapis.com/oauth2/v3/token [omitted]
[debug] [2024-07-31T07:24:54.242Z] >>> [apiv2][query] POST https://cloudresourcemanager.googleapis.com/v1/projects/dave-surprise:testIamPermissions [none]
[debug] [2024-07-31T07:24:54.252Z] >>> [apiv2][(partial)header] POST https://cloudresourcemanager.googleapis.com/v1/projects/dave-surprise:testIamPermissions x-goog-quota-user=projects/dave-surprise
[debug] [2024-07-31T07:24:54.252Z] >>> [apiv2][body] POST https://cloudresourcemanager.googleapis.com/v1/projects/dave-surprise:testIamPermissions {"permissions":["firebase.projects.get","firebasehosting.sites.update"]}
[debug] [2024-07-31T07:24:54.406Z] <<< [apiv2][status] POST https://cloudresourcemanager.googleapis.com/v1/projects/dave-surprise:testIamPermissions 401
[debug] [2024-07-31T07:24:54.417Z] <<< [apiv2][body] POST https://cloudresourcemanager.googleapis.com/v1/projects/dave-surprise:testIamPermissions {"error":{"code":401,"message":"Request is missing required authentication credential. Expected OAuth 2 access token, login cookie or other valid authentication credential. See https://developers.google.com/identity/sign-in/web/devconsole-project.","status":"UNAUTHENTICATED","details":[{"@type":"type.googleapis.com/google.rpc.ErrorInfo","reason":"CREDENTIALS_MISSING","domain":"googleapis.com","metadata":{"service":"cloudresourcemanager.googleapis.com","method":"google.cloudresourcemanager.v1.Projects.TestIamPermissions"}}]}}
[debug] [2024-07-31T07:24:54.418Z] [iam] error while checking permissions, command may fail: FirebaseError: HTTP Error: 401, Request is missing required authentication credential. Expected OAuth 2 access token, login cookie or other valid authentication credential. See https://developers.google.com/identity/sign-in/web/devconsole-project.
[debug] [2024-07-31T07:24:54.419Z] > refreshing access token with scopes: []
[debug] [2024-07-31T07:24:54.420Z] >>> [apiv2][query] POST https://www.googleapis.com/oauth2/v3/token [none]
[debug] [2024-07-31T07:24:54.420Z] >>> [apiv2][body] POST https://www.googleapis.com/oauth2/v3/token [omitted]
[debug] [2024-07-31T07:24:54.439Z] <<< [apiv2][status] POST https://www.googleapis.com/oauth2/v3/token 400
[debug] [2024-07-31T07:24:54.439Z] <<< [apiv2][body] POST https://www.googleapis.com/oauth2/v3/token [omitted]
[debug] [2024-07-31T07:24:54.441Z] >>> [apiv2][query] GET https://firebase.googleapis.com/v1beta1/projects/dave-surprise [none]
[debug] [2024-07-31T07:24:54.463Z] <<< [apiv2][status] GET https://firebase.googleapis.com/v1beta1/projects/dave-surprise 401
[debug] [2024-07-31T07:24:54.464Z] <<< [apiv2][body] GET https://firebase.googleapis.com/v1beta1/projects/dave-surprise {"error":{"code":401,"message":"Request is missing required authentication credential. Expected OAuth 2 access token, login cookie or other valid authentication credential. See https://developers.google.com/identity/sign-in/web/devconsole-project.","status":"UNAUTHENTICATED","details":[{"@type":"type.googleapis.com/google.rpc.ErrorInfo","reason":"CREDENTIALS_MISSING","domain":"googleapis.com","metadata":{"method":"google.firebase.service.v1beta1.FirebaseProjectService.GetFirebaseProject","service":"firebase.googleapis.com"}}]}}
[debug] [2024-07-31T07:24:54.464Z] HTTP Error: 401, Request is missing required authentication credential. Expected OAuth 2 access token, login cookie or other valid authentication credential. See https://developers.google.com/identity/sign-in/web/devconsole-project.
[error] 
[error] Error: Assertion failed: resolving hosting target of a site with no site name or target name. This should have caused an error earlier
[debug] [2024-07-31T07:25:35.163Z] ----------------------------------------------------------------------
[debug] [2024-07-31T07:25:35.168Z] Command:       /nix/store/qds3rzxwqrkvhzjxgcb95d2qx4sd9b1l-nodejs-20.11.1/bin/node /home/user/.global_modules/bin/firebase deploy --only hosting
[debug] [2024-07-31T07:25:35.168Z] CLI Version:   13.14.2
[debug] [2024-07-31T07:25:35.169Z] Platform:      linux
[debug] [2024-07-31T07:25:35.169Z] Node Version:  v20.11.1
[debug] [2024-07-31T07:25:35.169Z] Time:          Wed Jul 31 2024 07:25:35 GMT+0000 (Coordinated Universal Time)
[debug] [2024-07-31T07:25:35.169Z] ----------------------------------------------------------------------
[debug] 
[debug] [2024-07-31T07:25:35.277Z] > command requires scopes: ["email","openid","https://www.googleapis.com/auth/cloudplatformprojects.readonly","https://www.googleapis.com/auth/firebase","https://www.googleapis.com/auth/cloud-platform"]
[debug] [2024-07-31T07:25:35.278Z] > authorizing via signed-in user (davarizqi@gmail.com)
[debug] [2024-07-31T07:25:35.278Z] [iam] checking project dave-surprise for permissions ["firebase.projects.get","firebasehosting.sites.update"]
[debug] [2024-07-31T07:25:35.280Z] > refreshing access token with scopes: []
[debug] [2024-07-31T07:25:35.282Z] >>> [apiv2][query] POST https://www.googleapis.com/oauth2/v3/token [none]
[debug] [2024-07-31T07:25:35.282Z] >>> [apiv2][body] POST https://www.googleapis.com/oauth2/v3/token [omitted]
[debug] [2024-07-31T07:25:35.453Z] <<< [apiv2][status] POST https://www.googleapis.com/oauth2/v3/token 400
[debug] [2024-07-31T07:25:35.454Z] <<< [apiv2][body] POST https://www.googleapis.com/oauth2/v3/token [omitted]
[debug] [2024-07-31T07:25:35.454Z] >>> [apiv2][query] POST https://cloudresourcemanager.googleapis.com/v1/projects/dave-surprise:testIamPermissions [none]
[debug] [2024-07-31T07:25:35.455Z] >>> [apiv2][(partial)header] POST https://cloudresourcemanager.googleapis.com/v1/projects/dave-surprise:testIamPermissions x-goog-quota-user=projects/dave-surprise
[debug] [2024-07-31T07:25:35.455Z] >>> [apiv2][body] POST https://cloudresourcemanager.googleapis.com/v1/projects/dave-surprise:testIamPermissions {"permissions":["firebase.projects.get","firebasehosting.sites.update"]}
[debug] [2024-07-31T07:25:36.186Z] <<< [apiv2][status] POST https://cloudresourcemanager.googleapis.com/v1/projects/dave-surprise:testIamPermissions 401
[debug] [2024-07-31T07:25:36.197Z] <<< [apiv2][body] POST https://cloudresourcemanager.googleapis.com/v1/projects/dave-surprise:testIamPermissions {"error":{"code":401,"message":"Request is missing required authentication credential. Expected OAuth 2 access token, login cookie or other valid authentication credential. See https://developers.google.com/identity/sign-in/web/devconsole-project.","status":"UNAUTHENTICATED","details":[{"@type":"type.googleapis.com/google.rpc.ErrorInfo","reason":"CREDENTIALS_MISSING","domain":"googleapis.com","metadata":{"method":"google.cloudresourcemanager.v1.Projects.TestIamPermissions","service":"cloudresourcemanager.googleapis.com"}}]}}
[debug] [2024-07-31T07:25:36.198Z] [iam] error while checking permissions, command may fail: FirebaseError: HTTP Error: 401, Request is missing required authentication credential. Expected OAuth 2 access token, login cookie or other valid authentication credential. See https://developers.google.com/identity/sign-in/web/devconsole-project.
[debug] [2024-07-31T07:25:36.199Z] > refreshing access token with scopes: []
[debug] [2024-07-31T07:25:36.199Z] >>> [apiv2][query] POST https://www.googleapis.com/oauth2/v3/token [none]
[debug] [2024-07-31T07:25:36.200Z] >>> [apiv2][body] POST https://www.googleapis.com/oauth2/v3/token [omitted]
[debug] [2024-07-31T07:25:36.213Z] <<< [apiv2][status] POST https://www.googleapis.com/oauth2/v3/token 400
[debug] [2024-07-31T07:25:36.215Z] <<< [apiv2][body] POST https://www.googleapis.com/oauth2/v3/token [omitted]
[debug] [2024-07-31T07:25:36.215Z] >>> [apiv2][query] GET https://firebase.googleapis.com/v1beta1/projects/dave-surprise [none]
[debug] [2024-07-31T07:25:36.244Z] <<< [apiv2][status] GET https://firebase.googleapis.com/v1beta1/projects/dave-surprise 401
[debug] [2024-07-31T07:25:36.245Z] <<< [apiv2][body] GET https://firebase.googleapis.com/v1beta1/projects/dave-surprise {"error":{"code":401,"message":"Request is missing required authentication credential. Expected OAuth 2 access token, login cookie or other valid authentication credential. See https://developers.google.com/identity/sign-in/web/devconsole-project.","status":"UNAUTHENTICATED","details":[{"@type":"type.googleapis.com/google.rpc.ErrorInfo","reason":"CREDENTIALS_MISSING","domain":"googleapis.com","metadata":{"method":"google.firebase.service.v1beta1.FirebaseProjectService.GetFirebaseProject","service":"firebase.googleapis.com"}}]}}
[debug] [2024-07-31T07:25:36.245Z] HTTP Error: 401, Request is missing required authentication credential. Expected OAuth 2 access token, login cookie or other valid authentication credential. See https://developers.google.com/identity/sign-in/web/devconsole-project.
[error] 
[error] Error: Assertion failed: resolving hosting target of a site with no site name or target name. This should have caused an error earlier
[debug] [2024-07-31T07:29:50.210Z] ----------------------------------------------------------------------
[debug] [2024-07-31T07:29:50.215Z] Command:       /nix/store/qds3rzxwqrkvhzjxgcb95d2qx4sd9b1l-nodejs-20.11.1/bin/node /home/user/.global_modules/bin/firebase deploy
[debug] [2024-07-31T07:29:50.215Z] CLI Version:   13.14.2
[debug] [2024-07-31T07:29:50.216Z] Platform:      linux
[debug] [2024-07-31T07:29:50.216Z] Node Version:  v20.11.1
[debug] [2024-07-31T07:29:50.216Z] Time:          Wed Jul 31 2024 07:29:50 GMT+0000 (Coordinated Universal Time)
[debug] [2024-07-31T07:29:50.216Z] ----------------------------------------------------------------------
[debug] 
[debug] [2024-07-31T07:29:50.324Z] > command requires scopes: ["email","openid","https://www.googleapis.com/auth/cloudplatformprojects.readonly","https://www.googleapis.com/auth/firebase","https://www.googleapis.com/auth/cloud-platform"]
[debug] [2024-07-31T07:29:50.325Z] > authorizing via signed-in user (davarizqi@gmail.com)
[debug] [2024-07-31T07:29:50.325Z] [iam] checking project dave-surprise for permissions ["firebase.projects.get","firebasehosting.sites.update"]
[debug] [2024-07-31T07:29:50.327Z] > refreshing access token with scopes: []
[debug] [2024-07-31T07:29:50.329Z] >>> [apiv2][query] POST https://www.googleapis.com/oauth2/v3/token [none]
[debug] [2024-07-31T07:29:50.330Z] >>> [apiv2][body] POST https://www.googleapis.com/oauth2/v3/token [omitted]
[debug] [2024-07-31T07:29:50.500Z] <<< [apiv2][status] POST https://www.googleapis.com/oauth2/v3/token 400
[debug] [2024-07-31T07:29:50.501Z] <<< [apiv2][body] POST https://www.googleapis.com/oauth2/v3/token [omitted]
[debug] [2024-07-31T07:29:50.501Z] >>> [apiv2][query] POST https://cloudresourcemanager.googleapis.com/v1/projects/dave-surprise:testIamPermissions [none]
[debug] [2024-07-31T07:29:50.502Z] >>> [apiv2][(partial)header] POST https://cloudresourcemanager.googleapis.com/v1/projects/dave-surprise:testIamPermissions x-goog-quota-user=projects/dave-surprise
[debug] [2024-07-31T07:29:50.502Z] >>> [apiv2][body] POST https://cloudresourcemanager.googleapis.com/v1/projects/dave-surprise:testIamPermissions {"permissions":["firebase.projects.get","firebasehosting.sites.update"]}
[debug] [2024-07-31T07:29:50.646Z] <<< [apiv2][status] POST https://cloudresourcemanager.googleapis.com/v1/projects/dave-surprise:testIamPermissions 401
[debug] [2024-07-31T07:29:50.652Z] <<< [apiv2][body] POST https://cloudresourcemanager.googleapis.com/v1/projects/dave-surprise:testIamPermissions {"error":{"code":401,"message":"Request is missing required authentication credential. Expected OAuth 2 access token, login cookie or other valid authentication credential. See https://developers.google.com/identity/sign-in/web/devconsole-project.","status":"UNAUTHENTICATED","details":[{"@type":"type.googleapis.com/google.rpc.ErrorInfo","reason":"CREDENTIALS_MISSING","domain":"googleapis.com","metadata":{"method":"google.cloudresourcemanager.v1.Projects.TestIamPermissions","service":"cloudresourcemanager.googleapis.com"}}]}}
[debug] [2024-07-31T07:29:50.653Z] [iam] error while checking permissions, command may fail: FirebaseError: HTTP Error: 401, Request is missing required authentication credential. Expected OAuth 2 access token, login cookie or other valid authentication credential. See https://developers.google.com/identity/sign-in/web/devconsole-project.
[debug] [2024-07-31T07:29:50.655Z] > refreshing access token with scopes: []
[debug] [2024-07-31T07:29:50.657Z] >>> [apiv2][query] POST https://www.googleapis.com/oauth2/v3/token [none]
[debug] [2024-07-31T07:29:50.657Z] >>> [apiv2][body] POST https://www.googleapis.com/oauth2/v3/token [omitted]
[debug] [2024-07-31T07:29:50.678Z] <<< [apiv2][status] POST https://www.googleapis.com/oauth2/v3/token 400
[debug] [2024-07-31T07:29:50.678Z] <<< [apiv2][body] POST https://www.googleapis.com/oauth2/v3/token [omitted]
[debug] [2024-07-31T07:29:50.680Z] >>> [apiv2][query] GET https://firebase.googleapis.com/v1beta1/projects/dave-surprise [none]
[debug] [2024-07-31T07:29:50.709Z] <<< [apiv2][status] GET https://firebase.googleapis.com/v1beta1/projects/dave-surprise 401
[debug] [2024-07-31T07:29:50.711Z] <<< [apiv2][body] GET https://firebase.googleapis.com/v1beta1/projects/dave-surprise {"error":{"code":401,"message":"Request is missing required authentication credential. Expected OAuth 2 access token, login cookie or other valid authentication credential. See https://developers.google.com/identity/sign-in/web/devconsole-project.","status":"UNAUTHENTICATED","details":[{"@type":"type.googleapis.com/google.rpc.ErrorInfo","reason":"CREDENTIALS_MISSING","domain":"googleapis.com","metadata":{"method":"google.firebase.service.v1beta1.FirebaseProjectService.GetFirebaseProject","service":"firebase.googleapis.com"}}]}}
[debug] [2024-07-31T07:29:50.711Z] HTTP Error: 401, Request is missing required authentication credential. Expected OAuth 2 access token, login cookie or other valid authentication credential. See https://developers.google.com/identity/sign-in/web/devconsole-project.
[error] 
[error] Error: Assertion failed: resolving hosting target of a site with no site name or target name. This should have caused an error earlier
[debug] [2024-07-31T07:30:16.553Z] ----------------------------------------------------------------------
[debug] [2024-07-31T07:30:16.569Z] Command:       /nix/store/qds3rzxwqrkvhzjxgcb95d2qx4sd9b1l-nodejs-20.11.1/bin/node /home/user/.global_modules/bin/firebase init
[debug] [2024-07-31T07:30:16.570Z] CLI Version:   13.14.2
[debug] [2024-07-31T07:30:16.570Z] Platform:      linux
[debug] [2024-07-31T07:30:16.570Z] Node Version:  v20.11.1
[debug] [2024-07-31T07:30:16.571Z] Time:          Wed Jul 31 2024 07:30:16 GMT+0000 (Coordinated Universal Time)
[debug] [2024-07-31T07:30:16.571Z] ----------------------------------------------------------------------
[debug] 
[debug] [2024-07-31T07:30:16.892Z] > command requires scopes: ["email","openid","https://www.googleapis.com/auth/cloudplatformprojects.readonly","https://www.googleapis.com/auth/firebase","https://www.googleapis.com/auth/cloud-platform"]
[debug] [2024-07-31T07:30:16.893Z] > authorizing via signed-in user (davarizqi@gmail.com)
[info] 
     ######## #### ########  ######## ########     ###     ######  ########
     ##        ##  ##     ## ##       ##     ##  ##   ##  ##       ##
     ######    ##  ########  ######   ########  #########  ######  ######
     ##        ##  ##    ##  ##       ##     ## ##     ##       ## ##
     ##       #### ##     ## ######## ########  ##     ##  ######  ########

You're about to initialize a Firebase project in this directory:

  /home/user/dave-surprise

Before we get started, keep in mind:

  * You are initializing within an existing Firebase project directory

[info] 
=== Project Setup
[info] 
[info] First, let's associate this project directory with a Firebase project.
[info] You can create multiple project aliases by running firebase use --add, 
[info] but for now we'll just set up a default project.
[info] 
[debug] [2024-07-31T07:30:27.410Z] Using project from CLI flag: dave-surprise
[debug] [2024-07-31T07:30:27.412Z] > refreshing access token with scopes: []
[debug] [2024-07-31T07:30:27.415Z] >>> [apiv2][query] POST https://www.googleapis.com/oauth2/v3/token [none]
[debug] [2024-07-31T07:30:27.415Z] >>> [apiv2][body] POST https://www.googleapis.com/oauth2/v3/token [omitted]
[debug] [2024-07-31T07:30:27.587Z] <<< [apiv2][status] POST https://www.googleapis.com/oauth2/v3/token 400
[debug] [2024-07-31T07:30:27.587Z] <<< [apiv2][body] POST https://www.googleapis.com/oauth2/v3/token [omitted]
[debug] [2024-07-31T07:30:27.588Z] >>> [apiv2][query] GET https://firebase.googleapis.com/v1beta1/projects/dave-surprise [none]
[debug] [2024-07-31T07:30:27.619Z] <<< [apiv2][status] GET https://firebase.googleapis.com/v1beta1/projects/dave-surprise 401
[debug] [2024-07-31T07:30:27.620Z] <<< [apiv2][body] GET https://firebase.googleapis.com/v1beta1/projects/dave-surprise {"error":{"code":401,"message":"Request is missing required authentication credential. Expected OAuth 2 access token, login cookie or other valid authentication credential. See https://developers.google.com/identity/sign-in/web/devconsole-project.","status":"UNAUTHENTICATED","details":[{"@type":"type.googleapis.com/google.rpc.ErrorInfo","reason":"CREDENTIALS_MISSING","domain":"googleapis.com","metadata":{"method":"google.firebase.service.v1beta1.FirebaseProjectService.GetFirebaseProject","service":"firebase.googleapis.com"}}]}}
[debug] [2024-07-31T07:30:27.620Z] HTTP Error: 401, Request is missing required authentication credential. Expected OAuth 2 access token, login cookie or other valid authentication credential. See https://developers.google.com/identity/sign-in/web/devconsole-project.
[debug] [2024-07-31T07:30:27.631Z] FirebaseError: HTTP Error: 401, Request is missing required authentication credential. Expected OAuth 2 access token, login cookie or other valid authentication credential. See https://developers.google.com/identity/sign-in/web/devconsole-project.
    at responseToError (/home/user/.global_modules/lib/node_modules/firebase-tools/lib/responseToError.js:49:12)
    at RetryOperation._fn (/home/user/.global_modules/lib/node_modules/firebase-tools/lib/apiv2.js:305:77)
    at process.processTicksAndRejections (node:internal/process/task_queues:95:5)
[error] 
[error] Error: Failed to get Firebase project dave-surprise. Please make sure the project exists and your account has permission to access it.
[debug] [2024-07-31T07:31:08.617Z] ----------------------------------------------------------------------
[debug] [2024-07-31T07:31:08.622Z] Command:       /nix/store/qds3rzxwqrkvhzjxgcb95d2qx4sd9b1l-nodejs-20.11.1/bin/node /home/user/.global_modules/bin/firebase deploy --only hosting
[debug] [2024-07-31T07:31:08.622Z] CLI Version:   13.14.2
[debug] [2024-07-31T07:31:08.623Z] Platform:      linux
[debug] [2024-07-31T07:31:08.623Z] Node Version:  v20.11.1
[debug] [2024-07-31T07:31:08.623Z] Time:          Wed Jul 31 2024 07:31:08 GMT+0000 (Coordinated Universal Time)
[debug] [2024-07-31T07:31:08.623Z] ----------------------------------------------------------------------
[debug] 
[debug] [2024-07-31T07:31:08.746Z] > command requires scopes: ["email","openid","https://www.googleapis.com/auth/cloudplatformprojects.readonly","https://www.googleapis.com/auth/firebase","https://www.googleapis.com/auth/cloud-platform"]
[debug] [2024-07-31T07:31:08.746Z] > authorizing via signed-in user (davarizqi@gmail.com)
[debug] [2024-07-31T07:31:08.747Z] [iam] checking project dave-surprise for permissions ["firebase.projects.get","firebasehosting.sites.update"]
[debug] [2024-07-31T07:31:08.749Z] > refreshing access token with scopes: []
[debug] [2024-07-31T07:31:08.751Z] >>> [apiv2][query] POST https://www.googleapis.com/oauth2/v3/token [none]
[debug] [2024-07-31T07:31:08.752Z] >>> [apiv2][body] POST https://www.googleapis.com/oauth2/v3/token [omitted]
[debug] [2024-07-31T07:31:08.939Z] <<< [apiv2][status] POST https://www.googleapis.com/oauth2/v3/token 400
[debug] [2024-07-31T07:31:08.940Z] <<< [apiv2][body] POST https://www.googleapis.com/oauth2/v3/token [omitted]
[debug] [2024-07-31T07:31:08.940Z] >>> [apiv2][query] POST https://cloudresourcemanager.googleapis.com/v1/projects/dave-surprise:testIamPermissions [none]
[debug] [2024-07-31T07:31:08.940Z] >>> [apiv2][(partial)header] POST https://cloudresourcemanager.googleapis.com/v1/projects/dave-surprise:testIamPermissions x-goog-quota-user=projects/dave-surprise
[debug] [2024-07-31T07:31:08.941Z] >>> [apiv2][body] POST https://cloudresourcemanager.googleapis.com/v1/projects/dave-surprise:testIamPermissions {"permissions":["firebase.projects.get","firebasehosting.sites.update"]}
[debug] [2024-07-31T07:31:09.084Z] <<< [apiv2][status] POST https://cloudresourcemanager.googleapis.com/v1/projects/dave-surprise:testIamPermissions 401
[debug] [2024-07-31T07:31:09.084Z] <<< [apiv2][body] POST https://cloudresourcemanager.googleapis.com/v1/projects/dave-surprise:testIamPermissions {"error":{"code":401,"message":"Request is missing required authentication credential. Expected OAuth 2 access token, login cookie or other valid authentication credential. See https://developers.google.com/identity/sign-in/web/devconsole-project.","status":"UNAUTHENTICATED","details":[{"@type":"type.googleapis.com/google.rpc.ErrorInfo","reason":"CREDENTIALS_MISSING","domain":"googleapis.com","metadata":{"method":"google.cloudresourcemanager.v1.Projects.TestIamPermissions","service":"cloudresourcemanager.googleapis.com"}}]}}
[debug] [2024-07-31T07:31:09.086Z] [iam] error while checking permissions, command may fail: FirebaseError: HTTP Error: 401, Request is missing required authentication credential. Expected OAuth 2 access token, login cookie or other valid authentication credential. See https://developers.google.com/identity/sign-in/web/devconsole-project.
[debug] [2024-07-31T07:31:09.087Z] > refreshing access token with scopes: []
[debug] [2024-07-31T07:31:09.088Z] >>> [apiv2][query] POST https://www.googleapis.com/oauth2/v3/token [none]
[debug] [2024-07-31T07:31:09.088Z] >>> [apiv2][body] POST https://www.googleapis.com/oauth2/v3/token [omitted]
[debug] [2024-07-31T07:31:09.102Z] <<< [apiv2][status] POST https://www.googleapis.com/oauth2/v3/token 400
[debug] [2024-07-31T07:31:09.103Z] <<< [apiv2][body] POST https://www.googleapis.com/oauth2/v3/token [omitted]
[debug] [2024-07-31T07:31:09.105Z] >>> [apiv2][query] GET https://firebase.googleapis.com/v1beta1/projects/dave-surprise [none]
[debug] [2024-07-31T07:31:09.130Z] <<< [apiv2][status] GET https://firebase.googleapis.com/v1beta1/projects/dave-surprise 401
[debug] [2024-07-31T07:31:09.130Z] <<< [apiv2][body] GET https://firebase.googleapis.com/v1beta1/projects/dave-surprise {"error":{"code":401,"message":"Request is missing required authentication credential. Expected OAuth 2 access token, login cookie or other valid authentication credential. See https://developers.google.com/identity/sign-in/web/devconsole-project.","status":"UNAUTHENTICATED","details":[{"@type":"type.googleapis.com/google.rpc.ErrorInfo","reason":"CREDENTIALS_MISSING","domain":"googleapis.com","metadata":{"service":"firebase.googleapis.com","method":"google.firebase.service.v1beta1.FirebaseProjectService.GetFirebaseProject"}}]}}
[debug] [2024-07-31T07:31:09.131Z] HTTP Error: 401, Request is missing required authentication credential. Expected OAuth 2 access token, login cookie or other valid authentication credential. See https://developers.google.com/identity/sign-in/web/devconsole-project.
[error] 
[error] Error: Assertion failed: resolving hosting target of a site with no site name or target name. This should have caused an error earlier
[debug] [2024-07-31T07:36:54.662Z] ----------------------------------------------------------------------
[debug] [2024-07-31T07:36:54.695Z] Command:       /nix/store/qds3rzxwqrkvhzjxgcb95d2qx4sd9b1l-nodejs-20.11.1/bin/node /home/user/.global_modules/bin/firebase deploy
[debug] [2024-07-31T07:36:54.696Z] CLI Version:   13.14.2
[debug] [2024-07-31T07:36:54.696Z] Platform:      linux
[debug] [2024-07-31T07:36:54.696Z] Node Version:  v20.11.1
[debug] [2024-07-31T07:36:54.697Z] Time:          Wed Jul 31 2024 07:36:54 GMT+0000 (Coordinated Universal Time)
[debug] [2024-07-31T07:36:54.697Z] ----------------------------------------------------------------------
[debug] 
[debug] [2024-07-31T07:36:55.528Z] > command requires scopes: ["email","openid","https://www.googleapis.com/auth/cloudplatformprojects.readonly","https://www.googleapis.com/auth/firebase","https://www.googleapis.com/auth/cloud-platform"]
[debug] [2024-07-31T07:36:55.529Z] > authorizing via signed-in user (davarizqi@gmail.com)
[debug] [2024-07-31T07:36:55.552Z] [iam] checking project dave-surprise for permissions ["firebase.projects.get","firebasehosting.sites.update"]
[debug] [2024-07-31T07:36:55.555Z] > refreshing access token with scopes: []
[debug] [2024-07-31T07:36:55.573Z] >>> [apiv2][query] POST https://www.googleapis.com/oauth2/v3/token [none]
[debug] [2024-07-31T07:36:55.574Z] >>> [apiv2][body] POST https://www.googleapis.com/oauth2/v3/token [omitted]
[debug] [2024-07-31T07:36:56.145Z] <<< [apiv2][status] POST https://www.googleapis.com/oauth2/v3/token 400
[debug] [2024-07-31T07:36:56.172Z] <<< [apiv2][body] POST https://www.googleapis.com/oauth2/v3/token [omitted]
[debug] [2024-07-31T07:36:56.173Z] >>> [apiv2][query] POST https://cloudresourcemanager.googleapis.com/v1/projects/dave-surprise:testIamPermissions [none]
[debug] [2024-07-31T07:36:56.173Z] >>> [apiv2][(partial)header] POST https://cloudresourcemanager.googleapis.com/v1/projects/dave-surprise:testIamPermissions x-goog-quota-user=projects/dave-surprise
[debug] [2024-07-31T07:36:56.174Z] >>> [apiv2][body] POST https://cloudresourcemanager.googleapis.com/v1/projects/dave-surprise:testIamPermissions {"permissions":["firebase.projects.get","firebasehosting.sites.update"]}
[debug] [2024-07-31T07:36:57.061Z] <<< [apiv2][status] POST https://cloudresourcemanager.googleapis.com/v1/projects/dave-surprise:testIamPermissions 401
[debug] [2024-07-31T07:36:57.070Z] <<< [apiv2][body] POST https://cloudresourcemanager.googleapis.com/v1/projects/dave-surprise:testIamPermissions {"error":{"code":401,"message":"Request is missing required authentication credential. Expected OAuth 2 access token, login cookie or other valid authentication credential. See https://developers.google.com/identity/sign-in/web/devconsole-project.","status":"UNAUTHENTICATED","details":[{"@type":"type.googleapis.com/google.rpc.ErrorInfo","reason":"CREDENTIALS_MISSING","domain":"googleapis.com","metadata":{"method":"google.cloudresourcemanager.v1.Projects.TestIamPermissions","service":"cloudresourcemanager.googleapis.com"}}]}}
[debug] [2024-07-31T07:36:57.072Z] [iam] error while checking permissions, command may fail: FirebaseError: HTTP Error: 401, Request is missing required authentication credential. Expected OAuth 2 access token, login cookie or other valid authentication credential. See https://developers.google.com/identity/sign-in/web/devconsole-project.
[debug] [2024-07-31T07:36:57.077Z] > refreshing access token with scopes: []
[debug] [2024-07-31T07:36:57.079Z] >>> [apiv2][query] POST https://www.googleapis.com/oauth2/v3/token [none]
[debug] [2024-07-31T07:36:57.079Z] >>> [apiv2][body] POST https://www.googleapis.com/oauth2/v3/token [omitted]
[debug] [2024-07-31T07:36:57.122Z] <<< [apiv2][status] POST https://www.googleapis.com/oauth2/v3/token 400
[debug] [2024-07-31T07:36:57.129Z] <<< [apiv2][body] POST https://www.googleapis.com/oauth2/v3/token [omitted]
[debug] [2024-07-31T07:36:57.130Z] >>> [apiv2][query] GET https://firebase.googleapis.com/v1beta1/projects/dave-surprise [none]
[debug] [2024-07-31T07:36:57.252Z] <<< [apiv2][status] GET https://firebase.googleapis.com/v1beta1/projects/dave-surprise 401
[debug] [2024-07-31T07:36:57.263Z] <<< [apiv2][body] GET https://firebase.googleapis.com/v1beta1/projects/dave-surprise {"error":{"code":401,"message":"Request is missing required authentication credential. Expected OAuth 2 access token, login cookie or other valid authentication credential. See https://developers.google.com/identity/sign-in/web/devconsole-project.","status":"UNAUTHENTICATED","details":[{"@type":"type.googleapis.com/google.rpc.ErrorInfo","reason":"CREDENTIALS_MISSING","domain":"googleapis.com","metadata":{"method":"google.firebase.service.v1beta1.FirebaseProjectService.GetFirebaseProject","service":"firebase.googleapis.com"}}]}}
[debug] [2024-07-31T07:36:57.264Z] HTTP Error: 401, Request is missing required authentication credential. Expected OAuth 2 access token, login cookie or other valid authentication credential. See https://developers.google.com/identity/sign-in/web/devconsole-project.
[error] 
[error] Error: Assertion failed: resolving hosting target of a site with no site name or target name. This should have caused an error earlier
